<?xml version="1.0" encoding="UTF-8"?>
<!-- Generated by org.testng.reporters.JUnitReportReporter -->
<testsuite hostname="DESKTOP-F1M7V7C" failures="0" tests="1" name="testcases.All_Scenarios" time="204.933" errors="0" timestamp="2023-02-12T17:43:40 IST" skipped="0">
  <testcase classname="testcases.All_Scenarios" name="AllScenarios" time="204.933"/>
  <system-out/>
</testsuite> <!-- testcases.All_Scenarios -->
