<?xml version="1.0" encoding="UTF-8"?>
<!-- Generated by org.testng.reporters.JUnitReportReporter -->
<testsuite hostname="DESKTOP-F1M7V7C" failures="0" tests="1" name="testcases.Scenario1And3" time="53.413" errors="0" timestamp="2023-02-10T00:23:03 IST" skipped="0">
  <testcase classname="testcases.Scenario1And3" name="Scenario1And3Execution" time="53.413"/>
  <system-out/>
</testsuite> <!-- testcases.Scenario1And3 -->
