<?xml version="1.0" encoding="UTF-8"?>
<!-- Generated by org.testng.reporters.JUnitReportReporter -->
<testsuite hostname="DESKTOP-F1M7V7C" failures="0" tests="1" name="Pages.LoginTest" time="1.567" errors="0" timestamp="2023-02-12T01:36:49 IST" skipped="0">
  <testcase classname="Pages.LoginTest" name="getdata" time="1.567"/>
  <system-out/>
</testsuite> <!-- Pages.LoginTest -->
