<?xml version="1.0" encoding="UTF-8"?>
<!-- Generated by org.testng.reporters.JUnitReportReporter -->
<testsuite hostname="DESKTOP-F1M7V7C" failures="0" tests="1" name="testcases.Ticket" time="40.690" errors="0" timestamp="2023-02-11T19:25:19 IST" skipped="0">
  <testcase classname="testcases.Ticket" name="test" time="40.690"/>
  <system-out/>
</testsuite> <!-- testcases.Ticket -->
